<html>
<head>
<title>TestNG:  Test</title>
<link href="../testng.css" rel="stylesheet" type="text/css" />
<link href="../my-testng.css" rel="stylesheet" type="text/css" />

<style type="text/css">
.log { display: none;} 
.stack-trace { display: none;} 
</style>
<script type="text/javascript">
<!--
function flip(e) {
  current = e.style.display;
  if (current == 'block') {
    e.style.display = 'none';
    return 0;
  }
  else {
    e.style.display = 'block';
    return 1;
  }
}

function toggleBox(szDivId, elem, msg1, msg2)
{
  var res = -1;  if (document.getElementById) {
    res = flip(document.getElementById(szDivId));
  }
  else if (document.all) {
    // this is the way old msie versions work
    res = flip(document.all[szDivId]);
  }
  if(elem) {
    if(res == 0) elem.innerHTML = msg1; else elem.innerHTML = msg2;
  }

}

function toggleAllBoxes() {
  if (document.getElementsByTagName) {
    d = document.getElementsByTagName('div');
    for (i = 0; i < d.length; i++) {
      if (d[i].className == 'log') {
        flip(d[i]);
      }
    }
  }
}

// -->
</script>

</head>
<body>
<h2 align='center'>Test</h2><table border='1' align="center">
<tr>
<td>Tests passed/Failed/Skipped:</td><td>0/0/4</td>
</tr><tr>
<td>Started on:</td><td>Mon Oct 17 20:27:28 IST 2016</td>
</tr>
<tr><td>Total time:</td><td>31 seconds (31064 ms)</td>
</tr><tr>
<td>Included groups:</td><td></td>
</tr><tr>
<td>Excluded groups:</td><td></td>
</tr>
</table><p/>
<small><i>(Hover the method name to see the test class name)</i></small><p/>
<table width='100%' border='1' class='invocation-failed'>
<tr><td colspan='4' align='center'><b>FAILED CONFIGURATIONS</b></td></tr>
<tr><td><b>Test method</b></td>
<td width="30%"><b>Exception</b></td>
<td width="10%"><b>Time (seconds)</b></td>
<td><b>Instance</b></td>
</tr>
<tr>
<td title='com.org.preetish_maven.preetish_maven.TestApplication.startBrowser()'><b>startBrowser</b><br>Test class: com.org.preetish_maven.preetish_maven.TestApplication</td>
<td><div><pre>org.testng.TestNGException: 
Parameter &apos;Browser&apos; is required by @Configuration on method startBrowser but has not been marked @Optional or defined
in C:\Preetish\preetish_maven\testng.xml
... Removed 19 stack frames</pre></div><a href='#' onClick='toggleBox("stack-trace875016237", this, "Click to show all stack frames", "Click to hide stack frames")'>Click to show all stack frames</a>
<div class='stack-trace' id='stack-trace875016237'><pre>org.testng.TestNGException: 
Parameter &apos;Browser&apos; is required by @Configuration on method startBrowser but has not been marked @Optional or defined
in C:\Preetish\preetish_maven\testng.xml
	at org.testng.internal.Parameters.createParameters(Parameters.java:154)
	at org.testng.internal.Parameters.createParameters(Parameters.java:361)
	at org.testng.internal.Parameters.createConfigurationParameters(Parameters.java:84)
	at org.testng.internal.Invoker.invokeConfigurations(Invoker.java:197)
	at org.testng.internal.Invoker.invokeConfigurations(Invoker.java:138)
	at org.testng.TestRunner.beforeRun(TestRunner.java:648)
	at org.testng.TestRunner.run(TestRunner.java:616)
	at org.testng.SuiteRunner.runTest(SuiteRunner.java:359)
	at org.testng.SuiteRunner.runSequentially(SuiteRunner.java:354)
	at org.testng.SuiteRunner.privateRun(SuiteRunner.java:312)
	at org.testng.SuiteRunner.run(SuiteRunner.java:261)
	at org.testng.SuiteRunnerWorker.runSuite(SuiteRunnerWorker.java:52)
	at org.testng.SuiteRunnerWorker.run(SuiteRunnerWorker.java:86)
	at org.testng.TestNG.runSuitesSequentially(TestNG.java:1215)
	at org.testng.TestNG.runSuitesLocally(TestNG.java:1140)
	at org.testng.TestNG.run(TestNG.java:1048)
	at org.testng.remote.AbstractRemoteTestNG.run(AbstractRemoteTestNG.java:126)
	at org.testng.remote.RemoteTestNG.initAndRun(RemoteTestNG.java:152)
	at org.testng.remote.RemoteTestNG.main(RemoteTestNG.java:57)
</pre></div></td>
<td>0</td>
<td>null</td></tr>
<tr>
<td title='com.org.preetish_maven.preetish_maven.TestApplication.BrowserEngin()'><b>BrowserEngin</b><br>Test class: com.org.preetish_maven.preetish_maven.TestApplication</td>
<td><div><pre>java.lang.NullPointerException
	at com.org.preetish_maven.preetish_maven.TestApplication.BrowserEngin(TestApplication.java:61)
... Removed 22 stack frames</pre></div><a href='#' onClick='toggleBox("stack-trace768415370", this, "Click to show all stack frames", "Click to hide stack frames")'>Click to show all stack frames</a>
<div class='stack-trace' id='stack-trace768415370'><pre>java.lang.NullPointerException
	at com.org.preetish_maven.preetish_maven.TestApplication.BrowserEngin(TestApplication.java:61)
	at sun.reflect.NativeMethodAccessorImpl.invoke0(Native Method)
	at sun.reflect.NativeMethodAccessorImpl.invoke(NativeMethodAccessorImpl.java:62)
	at sun.reflect.DelegatingMethodAccessorImpl.invoke(DelegatingMethodAccessorImpl.java:43)
	at java.lang.reflect.Method.invoke(Method.java:498)
	at org.testng.internal.MethodInvocationHelper.invokeMethod(MethodInvocationHelper.java:85)
	at org.testng.internal.Invoker.invokeConfigurationMethod(Invoker.java:510)
	at org.testng.internal.Invoker.invokeConfigurations(Invoker.java:211)
	at org.testng.internal.Invoker.invokeConfigurations(Invoker.java:138)
	at org.testng.TestRunner.beforeRun(TestRunner.java:648)
	at org.testng.TestRunner.run(TestRunner.java:616)
	at org.testng.SuiteRunner.runTest(SuiteRunner.java:359)
	at org.testng.SuiteRunner.runSequentially(SuiteRunner.java:354)
	at org.testng.SuiteRunner.privateRun(SuiteRunner.java:312)
	at org.testng.SuiteRunner.run(SuiteRunner.java:261)
	at org.testng.SuiteRunnerWorker.runSuite(SuiteRunnerWorker.java:52)
	at org.testng.SuiteRunnerWorker.run(SuiteRunnerWorker.java:86)
	at org.testng.TestNG.runSuitesSequentially(TestNG.java:1215)
	at org.testng.TestNG.runSuitesLocally(TestNG.java:1140)
	at org.testng.TestNG.run(TestNG.java:1048)
	at org.testng.remote.AbstractRemoteTestNG.run(AbstractRemoteTestNG.java:126)
	at org.testng.remote.RemoteTestNG.initAndRun(RemoteTestNG.java:152)
	at org.testng.remote.RemoteTestNG.main(RemoteTestNG.java:57)
</pre></div></td>
<td>0</td>
<td>null</td></tr>
</table><p>
<table width='100%' border='1' class='invocation-skipped'>
<tr><td colspan='4' align='center'><b>SKIPPED CONFIGURATIONS</b></td></tr>
<tr><td><b>Test method</b></td>
<td width="30%"><b>Exception</b></td>
<td width="10%"><b>Time (seconds)</b></td>
<td><b>Instance</b></td>
</tr>
<tr>
<td title='com.org.preetish_maven.preetish_maven.TestApplication.tearDownReport()'><b>tearDownReport</b><br>Test class: com.org.preetish_maven.preetish_maven.TestApplication</td>
<td></td>
<td>0</td>
<td>com.org.preetish_maven.preetish_maven.TestApplication@36b4cef0</td></tr>
<tr>
<td title='com.org.preetish_maven.preetish_maven.TestApplication.tearDownReport()'><b>tearDownReport</b><br>Test class: com.org.preetish_maven.preetish_maven.TestApplication</td>
<td></td>
<td>0</td>
<td>com.org.preetish_maven.preetish_maven.TestApplication@36b4cef0</td></tr>
<tr>
<td title='com.org.preetish_maven.preetish_maven.TestApplication.tearDownReport()'><b>tearDownReport</b><br>Test class: com.org.preetish_maven.preetish_maven.TestApplication</td>
<td></td>
<td>0</td>
<td>com.org.preetish_maven.preetish_maven.TestApplication@36b4cef0</td></tr>
<tr>
<td title='com.org.preetish_maven.preetish_maven.TestApplication.tearDownReport()'><b>tearDownReport</b><br>Test class: com.org.preetish_maven.preetish_maven.TestApplication</td>
<td></td>
<td>0</td>
<td>com.org.preetish_maven.preetish_maven.TestApplication@36b4cef0</td></tr>
</table><p>
<table width='100%' border='1' class='invocation-skipped'>
<tr><td colspan='4' align='center'><b>SKIPPED TESTS</b></td></tr>
<tr><td><b>Test method</b></td>
<td width="30%"><b>Exception</b></td>
<td width="10%"><b>Time (seconds)</b></td>
<td><b>Instance</b></td>
</tr>
<tr>
<td title='com.org.preetish_maven.preetish_maven.TestApplication.LoginTOApp()'><b>LoginTOApp</b><br>Test class: com.org.preetish_maven.preetish_maven.TestApplication<br>Test method: This wil login to app</td>
<td></td>
<td>0</td>
<td>com.org.preetish_maven.preetish_maven.TestApplication@36b4cef0</td></tr>
<tr>
<td title='com.org.preetish_maven.preetish_maven.TestApplication.Product()'><b>Product</b><br>Test class: com.org.preetish_maven.preetish_maven.TestApplication<br>Test method: this will select the product and click on checkout</td>
<td></td>
<td>0</td>
<td>com.org.preetish_maven.preetish_maven.TestApplication@36b4cef0</td></tr>
<tr>
<td title='com.org.preetish_maven.preetish_maven.TestApplication.Shipping()'><b>Shipping</b><br>Test class: com.org.preetish_maven.preetish_maven.TestApplication<br>Test method: this wil perfrom shipping details</td>
<td></td>
<td>0</td>
<td>com.org.preetish_maven.preetish_maven.TestApplication@36b4cef0</td></tr>
<tr>
<td title='com.org.preetish_maven.preetish_maven.TestApplication.testDb()'><b>testDb</b><br>Test class: com.org.preetish_maven.preetish_maven.TestApplication<br>Test method: This will take data from database</td>
<td></td>
<td>0</td>
<td>com.org.preetish_maven.preetish_maven.TestApplication@36b4cef0</td></tr>
</table><p>
</body>
</html>