<?xml version="1.0" encoding="UTF-8"?>
<!-- Generated by org.testng.reporters.JUnitXMLReporter -->
<testsuite hostname="PREETISH" name="Test" tests="4" failures="0" timestamp="17 Oct 2016 14:57:59 GMT" time="31.064" errors="0">
  <testcase name="@BeforeTest startBrowser" time="0.0" classname="com.org.preetish_maven.preetish_maven.TestApplication">
    <failure type="org.testng.TestNGException" message="
Parameter &amp;apos;Browser&amp;apos; is required by @Configuration on method startBrowser but has not been marked @Optional or defined
in C:\Preetish\preetish_maven\testng.xml">
      <![CDATA[org.testng.TestNGException: 
Parameter 'Browser' is required by @Configuration on method startBrowser but has not been marked @Optional or defined
in C:\Preetish\preetish_maven\testng.xml
... Removed 19 stack frames]]>
    </failure>
  </testcase> <!-- @BeforeTest startBrowser -->
  <testcase name="@BeforeTest BrowserEngin" time="0.0" classname="com.org.preetish_maven.preetish_maven.TestApplication">
    <failure type="java.lang.NullPointerException">
      <![CDATA[java.lang.NullPointerException
	at com.org.preetish_maven.preetish_maven.TestApplication.BrowserEngin(TestApplication.java:61)
... Removed 22 stack frames]]>
    </failure>
  </testcase> <!-- @BeforeTest BrowserEngin -->
  <testcase name="@AfterMethod tearDownReport" time="0.0" classname="com.org.preetish_maven.preetish_maven.TestApplication">
    <skipped/>
  </testcase> <!-- @AfterMethod tearDownReport -->
  <testcase name="@AfterMethod tearDownReport" time="0.0" classname="com.org.preetish_maven.preetish_maven.TestApplication">
    <skipped/>
  </testcase> <!-- @AfterMethod tearDownReport -->
  <testcase name="@AfterMethod tearDownReport" time="0.0" classname="com.org.preetish_maven.preetish_maven.TestApplication">
    <skipped/>
  </testcase> <!-- @AfterMethod tearDownReport -->
  <testcase name="@AfterMethod tearDownReport" time="0.0" classname="com.org.preetish_maven.preetish_maven.TestApplication">
    <skipped/>
  </testcase> <!-- @AfterMethod tearDownReport -->
  <testcase name="testDb" time="0.002" classname="com.org.preetish_maven.preetish_maven.TestApplication">
    <skipped/>
  </testcase> <!-- testDb -->
  <testcase name="LoginTOApp" time="0.002" classname="com.org.preetish_maven.preetish_maven.TestApplication">
    <skipped/>
  </testcase> <!-- LoginTOApp -->
  <testcase name="Product" time="0.004" classname="com.org.preetish_maven.preetish_maven.TestApplication">
    <skipped/>
  </testcase> <!-- Product -->
  <testcase name="Shipping" time="0.005" classname="com.org.preetish_maven.preetish_maven.TestApplication">
    <skipped/>
  </testcase> <!-- Shipping -->
</testsuite> <!-- Test -->
